Command line:
   lagartijax4_isim_beh.exe
     -simmode  gui
     -simrunnum  0
     -socket  41217

Wed Jun 24 17:21:44 2020


 Elaboration Time: 0.03 sec

 Current Memory Usage: 247.255 Meg

 Total Signals          : 333
 Total Nets             : 179
 Total Signal Drivers   : 106
 Total Blocks           : 75
 Total Primitive Blocks : 59
 Total Processes        : 91
 Total Traceable Variables  : 15
 Total Scalar Nets and Variables : 1175
Total Line Count : 189

 Total Simulation Time: 0.04 sec

 Current Memory Usage: 322.757 Meg

Wed Jun 24 17:45:46 2020

