Command line:
   acm_sim_isim_beh.exe
     -simmode  gui
     -simrunnum  0
     -socket  50367

Tue Jun 16 17:55:15 2020


 Elaboration Time: 0.03 sec

 Current Memory Usage: 246.907 Meg

 Total Signals          : 274
 Total Nets             : 184
 Total Signal Drivers   : 95
 Total Blocks           : 58
 Total Primitive Blocks : 45
 Total Processes        : 85
 Total Traceable Variables  : 9
 Total Scalar Nets and Variables : 545
Total Line Count : 245

 Total Simulation Time: 0.05 sec

 Current Memory Usage: 322.408 Meg

Tue Jun 16 18:05:52 2020

