Command line:
   alu_sim_isim_beh.exe
     -simmode  gui
     -simrunnum  0
     -socket  59405

Tue Apr 21 19:25:27 2020


 Elaboration Time: 0.04 sec

 Current Memory Usage: 246.62 Meg

 Total Signals          : 114
 Total Nets             : 60
 Total Signal Drivers   : 36
 Total Blocks           : 20
 Total Primitive Blocks : 13
 Total Processes        : 32
 Total Traceable Variables  : 8
 Total Scalar Nets and Variables : 420
Total Line Count : 70
Total Line Count : 70
Total Line Count : 70

 Total Simulation Time: 0.05 sec

 Current Memory Usage: 322.122 Meg

Tue Apr 21 19:34:49 2020

