ISim log file
Running: /media/sf_XilinxShared/microprocessor/project/micro_stage1/rom3216_isim_beh.exe -intstyle ise -gui -tclbatch isim.cmd -wdb /media/sf_XilinxShared/microprocessor/project/micro_stage1/rom3216_isim_beh.wdb 
ISim P.20131013 (signature 0xfbc00daa)
WARNING: A WEBPACK license was found.
WARNING: Please use Xilinx License Configuration Manager to check out a full ISim license.
WARNING: ISim will run in Lite mode. Please refer to the ISim documentation for more information on the differences between the Lite and the Full version.
This is a Lite version of ISim.
Time resolution is 1 ps
# onerror resume
# wave add /
# run 1000 ns
Simulator is doing circuit initialization process.
at 0 ps, Instance /rom3216/ : Warning: NUMERIC_STD.TO_INTEGER: metavalue detected, returning 0
Finished circuit initialization process.
# isim force add /rom3216/address 00000 -radix bin
# isim force add /rom3216/address 00000 -radix bin
# isim force add /rom3216/address 00000 -radix bin
# isim force add /rom3216/address 00001 -radix bin
# run 1.00us
# isim force add /rom3216/address 11111 -radix bin
# run 1.00us
# exit 0
