Command line:
   top_sim_isim_beh.exe
     -simmode  gui
     -simrunnum  0
     -socket  49343

Mon Jun  8 19:00:25 2020


 Elaboration Time: 0.06 sec

 Current Memory Usage: 246.899 Meg

 Total Signals          : 247
 Total Nets             : 171
 Total Signal Drivers   : 85
 Total Blocks           : 54
 Total Primitive Blocks : 41
 Total Processes        : 77
 Total Traceable Variables  : 9
 Total Scalar Nets and Variables : 532
Total Line Count : 216
Total Line Count : 216
Total Line Count : 216

 Total Simulation Time: 2.99 sec

 Current Memory Usage: 322.4 Meg

Mon Jun  8 19:04:46 2020

